Added Component: Designator=P1(HDR1X20)
Add component (AddParameter): Name = "LatestRevisionDate"; Value = "17-Jul-2002"; VariantName = "[No Variations]"
Add component (AddParameter): Name = "LatestRevisionNote"; Value = "Re-released for DXP Platform."; VariantName = "[No Variations]"
Add component (AddParameter): Name = "Publisher"; Value = "Altium Limited"; VariantName = "[No Variations]"
Added Component: Designator=P2(HDR1X20)
Add component (AddParameter): Name = "LatestRevisionDate"; Value = "17-Jul-2002"; VariantName = "[No Variations]"
Add component (AddParameter): Name = "LatestRevisionNote"; Value = "Re-released for DXP Platform."; VariantName = "[No Variations]"
Add component (AddParameter): Name = "Publisher"; Value = "Altium Limited"; VariantName = "[No Variations]"
Added Component: Designator=P3(HDR1X4)
Add component (AddParameter): Name = "LatestRevisionDate"; Value = "17-Jul-2002"; VariantName = "[No Variations]"
Add component (AddParameter): Name = "LatestRevisionNote"; Value = "Re-released for DXP Platform."; VariantName = "[No Variations]"
Add component (AddParameter): Name = "Publisher"; Value = "Altium Limited"; VariantName = "[No Variations]"
Added Component: Designator=P4(HDR1X4)
Add component (AddParameter): Name = "LatestRevisionDate"; Value = "17-Jul-2002"; VariantName = "[No Variations]"
Add component (AddParameter): Name = "LatestRevisionNote"; Value = "Re-released for DXP Platform."; VariantName = "[No Variations]"
Add component (AddParameter): Name = "Publisher"; Value = "Altium Limited"; VariantName = "[No Variations]"
Added Component: Designator=P5(HDR1X4)
Add component (AddParameter): Name = "LatestRevisionDate"; Value = "17-Jul-2002"; VariantName = "[No Variations]"
Add component (AddParameter): Name = "LatestRevisionNote"; Value = "Re-released for DXP Platform."; VariantName = "[No Variations]"
Add component (AddParameter): Name = "Publisher"; Value = "Altium Limited"; VariantName = "[No Variations]"
Added Component: Designator=P6(HDR1X3)
Add component (AddParameter): Name = "LatestRevisionDate"; Value = "17-Jul-2002"; VariantName = "[No Variations]"
Add component (AddParameter): Name = "LatestRevisionNote"; Value = "Re-released for DXP Platform."; VariantName = "[No Variations]"
Add component (AddParameter): Name = "Publisher"; Value = "Altium Limited"; VariantName = "[No Variations]"
Added Component: Designator=P7(HDR1X3)
Add component (AddParameter): Name = "LatestRevisionDate"; Value = "17-Jul-2002"; VariantName = "[No Variations]"
Add component (AddParameter): Name = "LatestRevisionNote"; Value = "Re-released for DXP Platform."; VariantName = "[No Variations]"
Add component (AddParameter): Name = "Publisher"; Value = "Altium Limited"; VariantName = "[No Variations]"
Added Component: Designator=P8(HDR1X3)
Add component (AddParameter): Name = "LatestRevisionDate"; Value = "17-Jul-2002"; VariantName = "[No Variations]"
Add component (AddParameter): Name = "LatestRevisionNote"; Value = "Re-released for DXP Platform."; VariantName = "[No Variations]"
Add component (AddParameter): Name = "Publisher"; Value = "Altium Limited"; VariantName = "[No Variations]"
Added Component: Designator=P9(HDR1X3)
Add component (AddParameter): Name = "LatestRevisionDate"; Value = "17-Jul-2002"; VariantName = "[No Variations]"
Add component (AddParameter): Name = "LatestRevisionNote"; Value = "Re-released for DXP Platform."; VariantName = "[No Variations]"
Add component (AddParameter): Name = "Publisher"; Value = "Altium Limited"; VariantName = "[No Variations]"
Added Component: Designator=P10(HDR1X4)
Add component (AddParameter): Name = "LatestRevisionDate"; Value = "17-Jul-2002"; VariantName = "[No Variations]"
Add component (AddParameter): Name = "LatestRevisionNote"; Value = "Re-released for DXP Platform."; VariantName = "[No Variations]"
Add component (AddParameter): Name = "Publisher"; Value = "Altium Limited"; VariantName = "[No Variations]"
Added Component: Designator=P11(HDR2X12)
Add component (AddParameter): Name = "LatestRevisionDate"; Value = "17-Jul-2002"; VariantName = "[No Variations]"
Add component (AddParameter): Name = "LatestRevisionNote"; Value = "Re-released for DXP Platform."; VariantName = "[No Variations]"
Add component (AddParameter): Name = "Publisher"; Value = "Altium Limited"; VariantName = "[No Variations]"
Added Pin To Net: NetName=+5 Pin=P11-17
Added Pin To Net: NetName=+5 Pin=P11-18
Added Pin To Net: NetName=+5 Pin=P11-19
Added Pin To Net: NetName=+5 Pin=P11-20
Added Pin To Net: NetName=+5 Pin=P11-21
Added Pin To Net: NetName=+5 Pin=P11-22
Added Pin To Net: NetName=+5 Pin=P11-23
Added Pin To Net: NetName=+5 Pin=P11-24
Added Net: Name=+5
Added Pin To Net: NetName=3V3_1 Pin=P1-1
Added Pin To Net: NetName=3V3_1 Pin=P2-18
Added Pin To Net: NetName=3V3_1 Pin=P4-4
Added Net: Name=3V3_1
Added Pin To Net: NetName=3V3_2 Pin=P3-2
Added Pin To Net: NetName=3V3_2 Pin=P5-4
Added Net: Name=3V3_2
Added Pin To Net: NetName=5V Pin=P1-3
Added Pin To Net: NetName=5V Pin=P10-2
Added Net: Name=5V
Added Pin To Net: NetName=GND Pin=P2-19
Added Pin To Net: NetName=GND Pin=P2-20
Added Pin To Net: NetName=GND Pin=P3-1
Added Pin To Net: NetName=GND Pin=P4-3
Added Pin To Net: NetName=GND Pin=P5-3
Added Pin To Net: NetName=GND Pin=P6-3
Added Pin To Net: NetName=GND Pin=P7-3
Added Pin To Net: NetName=GND Pin=P8-3
Added Pin To Net: NetName=GND Pin=P9-3
Added Pin To Net: NetName=GND Pin=P10-1
Added Pin To Net: NetName=GND Pin=P11-2
Added Pin To Net: NetName=GND Pin=P11-4
Added Pin To Net: NetName=GND Pin=P11-6
Added Pin To Net: NetName=GND Pin=P11-8
Added Pin To Net: NetName=GND Pin=P11-10
Added Pin To Net: NetName=GND Pin=P11-12
Added Pin To Net: NetName=GND Pin=P11-14
Added Pin To Net: NetName=GND Pin=P11-16
Added Net: Name=GND
Added Pin To Net: NetName=I2C1_SCL Pin=P1-7
Added Pin To Net: NetName=I2C1_SCL Pin=P3-3
Added Net: Name=I2C1_SCL
Added Pin To Net: NetName=I2C1_SDA Pin=P1-6
Added Pin To Net: NetName=I2C1_SDA Pin=P3-4
Added Net: Name=I2C1_SDA
Added Pin To Net: NetName=I2C2_SCL Pin=P2-15
Added Pin To Net: NetName=I2C2_SCL Pin=P10-3
Added Net: Name=I2C2_SCL
Added Pin To Net: NetName=I2C2_SDA Pin=P2-16
Added Pin To Net: NetName=I2C2_SDA Pin=P10-4
Added Net: Name=I2C2_SDA
Added Pin To Net: NetName=TIM2_CH1 Pin=P1-11
Added Pin To Net: NetName=TIM2_CH1 Pin=P6-1
Added Net: Name=TIM2_CH1
Added Pin To Net: NetName=TIM2_CH2 Pin=P1-10
Added Pin To Net: NetName=TIM2_CH2 Pin=P7-1
Added Net: Name=TIM2_CH2
Added Pin To Net: NetName=TIM3_CH1 Pin=P2-11
Added Pin To Net: NetName=TIM3_CH1 Pin=P11-9
Added Net: Name=TIM3_CH1
Added Pin To Net: NetName=TIM3_CH2 Pin=P2-12
Added Pin To Net: NetName=TIM3_CH2 Pin=P11-11
Added Net: Name=TIM3_CH2
Added Pin To Net: NetName=TIM3_CH3 Pin=P2-13
Added Pin To Net: NetName=TIM3_CH3 Pin=P11-13
Added Net: Name=TIM3_CH3
Added Pin To Net: NetName=TIM3_CH4 Pin=P2-14
Added Pin To Net: NetName=TIM3_CH4 Pin=P11-15
Added Net: Name=TIM3_CH4
Added Pin To Net: NetName=TIM4_CH3 Pin=P1-5
Added Pin To Net: NetName=TIM4_CH3 Pin=P8-1
Added Net: Name=TIM4_CH3
Added Pin To Net: NetName=TIM4_CH4 Pin=P1-4
Added Pin To Net: NetName=TIM4_CH4 Pin=P9-1
Added Net: Name=TIM4_CH4
Added Pin To Net: NetName=USART1_RX Pin=P1-14
Added Pin To Net: NetName=USART1_RX Pin=P4-1
Added Net: Name=USART1_RX
Added Pin To Net: NetName=USART1_TX Pin=P1-15
Added Pin To Net: NetName=USART1_TX Pin=P4-2
Added Net: Name=USART1_TX
Added Pin To Net: NetName=USART2_RX Pin=P2-8
Added Pin To Net: NetName=USART2_RX Pin=P5-1
Added Net: Name=USART2_RX
Added Pin To Net: NetName=USART2_TX Pin=P2-7
Added Pin To Net: NetName=USART2_TX Pin=P5-2
Added Net: Name=USART2_TX
Added Class: Name=zhuanjieban
Added Rule: Name=Schematic Supply Nets
Added Rule: Name=Schematic Supply Nets_1
