Added Component: Designator=BLUE1(HDR1X6)
Add component (AddParameter): Name = "LatestRevisionDate"; Value = "17-Jul-2002"; VariantName = "[No Variations]"
Add component (AddParameter): Name = "LatestRevisionNote"; Value = "Re-released for DXP Platform."; VariantName = "[No Variations]"
Add component (AddParameter): Name = "Publisher"; Value = "Altium Limited"; VariantName = "[No Variations]"
Added Component: Designator=CN1(PCBComponent_1)
Added Component: Designator=GY-86(HDR1X8)
Add component (AddParameter): Name = "LatestRevisionDate"; Value = "17-Jul-2002"; VariantName = "[No Variations]"
Add component (AddParameter): Name = "LatestRevisionNote"; Value = "Re-released for DXP Platform."; VariantName = "[No Variations]"
Add component (AddParameter): Name = "Publisher"; Value = "Altium Limited"; VariantName = "[No Variations]"
Added Component: Designator=motor1(HDR1X3)
Add component (AddParameter): Name = "LatestRevisionDate"; Value = "17-Jul-2002"; VariantName = "[No Variations]"
Add component (AddParameter): Name = "LatestRevisionNote"; Value = "Re-released for DXP Platform."; VariantName = "[No Variations]"
Add component (AddParameter): Name = "Publisher"; Value = "Altium Limited"; VariantName = "[No Variations]"
Added Component: Designator=motor2(HDR1X3)
Add component (AddParameter): Name = "LatestRevisionDate"; Value = "17-Jul-2002"; VariantName = "[No Variations]"
Add component (AddParameter): Name = "LatestRevisionNote"; Value = "Re-released for DXP Platform."; VariantName = "[No Variations]"
Add component (AddParameter): Name = "Publisher"; Value = "Altium Limited"; VariantName = "[No Variations]"
Added Component: Designator=motor3(HDR1X3)
Add component (AddParameter): Name = "LatestRevisionDate"; Value = "17-Jul-2002"; VariantName = "[No Variations]"
Add component (AddParameter): Name = "LatestRevisionNote"; Value = "Re-released for DXP Platform."; VariantName = "[No Variations]"
Add component (AddParameter): Name = "Publisher"; Value = "Altium Limited"; VariantName = "[No Variations]"
Added Component: Designator=motor4(HDR1X3)
Add component (AddParameter): Name = "LatestRevisionDate"; Value = "17-Jul-2002"; VariantName = "[No Variations]"
Add component (AddParameter): Name = "LatestRevisionNote"; Value = "Re-released for DXP Platform."; VariantName = "[No Variations]"
Add component (AddParameter): Name = "Publisher"; Value = "Altium Limited"; VariantName = "[No Variations]"
Added Component: Designator=OLED(HDR1X4)
Add component (AddParameter): Name = "LatestRevisionDate"; Value = "17-Jul-2002"; VariantName = "[No Variations]"
Add component (AddParameter): Name = "LatestRevisionNote"; Value = "Re-released for DXP Platform."; VariantName = "[No Variations]"
Add component (AddParameter): Name = "Publisher"; Value = "Altium Limited"; VariantName = "[No Variations]"
Added Component: Designator=P1(HDR1X20)
Add component (AddParameter): Name = "LatestRevisionDate"; Value = "17-Jul-2002"; VariantName = "[No Variations]"
Add component (AddParameter): Name = "LatestRevisionNote"; Value = "Re-released for DXP Platform."; VariantName = "[No Variations]"
Add component (AddParameter): Name = "Publisher"; Value = "Altium Limited"; VariantName = "[No Variations]"
Added Component: Designator=P2(HDR1X20)
Add component (AddParameter): Name = "LatestRevisionDate"; Value = "17-Jul-2002"; VariantName = "[No Variations]"
Add component (AddParameter): Name = "LatestRevisionNote"; Value = "Re-released for DXP Platform."; VariantName = "[No Variations]"
Add component (AddParameter): Name = "Publisher"; Value = "Altium Limited"; VariantName = "[No Variations]"
Added Component: Designator=RE1(HDR1X3)
Add component (AddParameter): Name = "LatestRevisionDate"; Value = "17-Jul-2002"; VariantName = "[No Variations]"
Add component (AddParameter): Name = "LatestRevisionNote"; Value = "Re-released for DXP Platform."; VariantName = "[No Variations]"
Add component (AddParameter): Name = "Publisher"; Value = "Altium Limited"; VariantName = "[No Variations]"
Added Component: Designator=SWITCH(HDR1X3)
Add component (AddParameter): Name = "LatestRevisionDate"; Value = "17-Jul-2002"; VariantName = "[No Variations]"
Add component (AddParameter): Name = "LatestRevisionNote"; Value = "Re-released for DXP Platform."; VariantName = "[No Variations]"
Add component (AddParameter): Name = "Publisher"; Value = "Altium Limited"; VariantName = "[No Variations]"
Added Component: Designator=USART(HDR1X2H)
Add component (AddParameter): Name = "LatestRevisionDate"; Value = "17-Jul-2002"; VariantName = "[No Variations]"
Add component (AddParameter): Name = "LatestRevisionNote"; Value = "Re-released for DXP Platform."; VariantName = "[No Variations]"
Add component (AddParameter): Name = "Publisher"; Value = "Altium Limited"; VariantName = "[No Variations]"
Added Pin To Net: NetName=3V3_1 Pin=P2-18
Added Net: Name=3V3_1
Added Pin To Net: NetName=3V3_2 Pin=BLUE1-6
Added Pin To Net: NetName=3V3_2 Pin=P1-1
Added Net: Name=3V3_2
Added Pin To Net: NetName=5V Pin=GY-86-8
Added Pin To Net: NetName=5V Pin=OLED-2
Added Pin To Net: NetName=5V Pin=P1-3
Added Pin To Net: NetName=5V Pin=RE1-2
Added Pin To Net: NetName=5V Pin=SWITCH-2
Added Net: Name=5V
Added Pin To Net: NetName=GND Pin=BLUE1-5
Added Pin To Net: NetName=GND Pin=CN1-1
Added Pin To Net: NetName=GND Pin=GY-86-6
Added Pin To Net: NetName=GND Pin=motor1-3
Added Pin To Net: NetName=GND Pin=motor2-3
Added Pin To Net: NetName=GND Pin=motor3-3
Added Pin To Net: NetName=GND Pin=motor4-3
Added Pin To Net: NetName=GND Pin=OLED-1
Added Pin To Net: NetName=GND Pin=P1-2
Added Pin To Net: NetName=GND Pin=P2-19
Added Pin To Net: NetName=GND Pin=P2-20
Added Pin To Net: NetName=GND Pin=RE1-3
Added Pin To Net: NetName=GND Pin=SWITCH-3
Added Net: Name=GND
Added Pin To Net: NetName=I2C1_SCL Pin=GY-86-5
Added Pin To Net: NetName=I2C1_SCL Pin=P1-5
Added Net: Name=I2C1_SCL
Added Pin To Net: NetName=I2C1_SDA Pin=GY-86-4
Added Pin To Net: NetName=I2C1_SDA Pin=P1-4
Added Net: Name=I2C1_SDA
Added Pin To Net: NetName=I2C2_SCL Pin=OLED-3
Added Pin To Net: NetName=I2C2_SCL Pin=P2-15
Added Net: Name=I2C2_SCL
Added Pin To Net: NetName=I2C2_SDA Pin=OLED-4
Added Pin To Net: NetName=I2C2_SDA Pin=P2-16
Added Net: Name=I2C2_SDA
Added Pin To Net: NetName=PA0 Pin=P2-5
Added Pin To Net: NetName=PA0 Pin=RE1-1
Added Net: Name=PA0
Added Pin To Net: NetName=P Pin=CN1-2
Added Pin To Net: NetName=P Pin=SWITCH-1
Added Net: Name=P
Added Pin To Net: NetName=TIM1_CH1 Pin=motor1-1
Added Pin To Net: NetName=TIM1_CH1 Pin=P1-16
Added Net: Name=TIM1_CH1
Added Pin To Net: NetName=TIM1_CH2 Pin=motor2-1
Added Pin To Net: NetName=TIM1_CH2 Pin=P1-15
Added Net: Name=TIM1_CH2
Added Pin To Net: NetName=TIM1_CH3 Pin=motor3-1
Added Pin To Net: NetName=TIM1_CH3 Pin=P1-14
Added Net: Name=TIM1_CH3
Added Pin To Net: NetName=TIM1_CH4 Pin=motor4-1
Added Pin To Net: NetName=TIM1_CH4 Pin=P1-13
Added Net: Name=TIM1_CH4
Added Pin To Net: NetName=USART1_RX Pin=P1-6
Added Pin To Net: NetName=USART1_RX Pin=USART-1
Added Net: Name=USART1_RX
Added Pin To Net: NetName=USART1_TX Pin=P1-7
Added Pin To Net: NetName=USART1_TX Pin=USART-2
Added Net: Name=USART1_TX
Added Pin To Net: NetName=USART2_RX Pin=BLUE1-3
Added Pin To Net: NetName=USART2_RX Pin=P2-8
Added Net: Name=USART2_RX
Added Pin To Net: NetName=USART2_TX Pin=BLUE1-4
Added Pin To Net: NetName=USART2_TX Pin=P2-7
Added Net: Name=USART2_TX
Added Class: Name=zhuanjieban
Added Rule: Name=Schematic Supply Nets
